<?xml version="1.0" encoding="UTF-8" ?>
<testsuite tests="6" failures="0" name="com.project.MobileStoreBackEnd.test.CartItemUnitTest" time="6.225" errors="0" skipped="5">
  <properties>
    <property name="java.runtime.name" value="Java(TM) SE Runtime Environment"/>
    <property name="sun.boot.library.path" value="C:\Program Files\Java\jdk1.8.0_151\jre\bin"/>
    <property name="java.vm.version" value="25.151-b12"/>
    <property name="java.vm.vendor" value="Oracle Corporation"/>
    <property name="maven.multiModuleProjectDirectory" value="C:\Users\kalik\OneDrive\Desktop\workSpace\MobileStoreBackEnd"/>
    <property name="java.vendor.url" value="http://java.oracle.com/"/>
    <property name="path.separator" value=";"/>
    <property name="guice.disable.misplaced.annotation.check" value="true"/>
    <property name="java.vm.name" value="Java HotSpot(TM) 64-Bit Server VM"/>
    <property name="file.encoding.pkg" value="sun.io"/>
    <property name="user.script" value=""/>
    <property name="user.country" value="IN"/>
    <property name="sun.java.launcher" value="SUN_STANDARD"/>
    <property name="sun.os.patch.level" value=""/>
    <property name="java.vm.specification.name" value="Java Virtual Machine Specification"/>
    <property name="user.dir" value="C:\Users\kalik\OneDrive\Desktop\workSpace\MobileStoreBackEnd"/>
    <property name="java.runtime.version" value="1.8.0_151-b12"/>
    <property name="java.awt.graphicsenv" value="sun.awt.Win32GraphicsEnvironment"/>
    <property name="java.endorsed.dirs" value="C:\Program Files\Java\jdk1.8.0_151\jre\lib\endorsed"/>
    <property name="os.arch" value="amd64"/>
    <property name="java.io.tmpdir" value="C:\Users\kalik\AppData\Local\Temp\"/>
    <property name="line.separator" value="
"/>
    <property name="java.vm.specification.vendor" value="Oracle Corporation"/>
    <property name="user.variant" value=""/>
    <property name="os.name" value="Windows 10"/>
    <property name="classworlds.conf" value="C:\Users\kalik\OneDrive\Desktop\workSpace\.metadata\.plugins\org.eclipse.m2e.launching\launches\m2conf1694205179246200388.tmp"/>
    <property name="sun.jnu.encoding" value="Cp1252"/>
    <property name="java.library.path" value="C:\Program Files\Java\jdk1.8.0_151\bin;C:\WINDOWS\Sun\Java\bin;C:\WINDOWS\system32;C:\WINDOWS;C:/Program Files/Java/jre1.8.0_151/bin/server;C:/Program Files/Java/jre1.8.0_151/bin;C:/Program Files/Java/jre1.8.0_151/lib/amd64;C:\oraclexe\app\oracle\product\11.2.0\server\bin;C:\ProgramData\Oracle\Java\javapath;C:\WINDOWS\system32;C:\WINDOWS;C:\WINDOWS\System32\Wbem;C:\WINDOWS\System32\WindowsPowerShell\v1.0\;C:\Program Files\Microsoft SQL Server\Client SDK\ODBC\130\Tools\Binn\;C:\Program Files (x86)\Microsoft SQL Server\140\Tools\Binn\;C:\Program Files\Microsoft SQL Server\140\Tools\Binn\;C:\Program Files\Microsoft SQL Server\140\DTS\Binn\;C:\Program Files (x86)\Microsoft SQL Server\Client SDK\ODBC\130\Tools\Binn\;C:\Program Files (x86)\Microsoft SQL Server\140\DTS\Binn\;C:\Program Files (x86)\Microsoft SQL Server\140\Tools\Binn\ManagementStudio\;C:\Program Files\Apache Software Foundation\apache-maven-3.5.3\bin;C:\Program Files\Apache Software Foundation\apache-maven-3.5.3\bin;C:\Program Files\Git\cmd;C:\Users\kalik\AppData\Local\Microsoft\WindowsApps;C:\Program Files\Microsoft VS Code\bin;C:\Users\kalik\AppData\Local\GitHubDesktop\bin;C:\Users\kalik\OneDrive\Desktop\eclipse;;."/>
    <property name="java.specification.name" value="Java Platform API Specification"/>
    <property name="java.class.version" value="52.0"/>
    <property name="sun.management.compiler" value="HotSpot 64-Bit Tiered Compilers"/>
    <property name="os.version" value="10.0"/>
    <property name="user.home" value="C:\Users\kalik"/>
    <property name="user.timezone" value="Asia/Calcutta"/>
    <property name="java.awt.printerjob" value="sun.awt.windows.WPrinterJob"/>
    <property name="java.specification.version" value="1.8"/>
    <property name="file.encoding" value="Cp1252"/>
    <property name="user.name" value="kalik"/>
    <property name="java.class.path" value="C:\Users\kalik\OneDrive\Desktop\eclipse\plugins\org.eclipse.m2e.maven.runtime_1.8.2.20171007-0216\jars\plexus-classworlds-2.5.2.jar"/>
    <property name="java.vm.specification.version" value="1.8"/>
    <property name="sun.arch.data.model" value="64"/>
    <property name="java.home" value="C:\Program Files\Java\jdk1.8.0_151\jre"/>
    <property name="sun.java.command" value="org.codehaus.plexus.classworlds.launcher.Launcher -B install"/>
    <property name="java.specification.vendor" value="Oracle Corporation"/>
    <property name="user.language" value="en"/>
    <property name="awt.toolkit" value="sun.awt.windows.WToolkit"/>
    <property name="java.vm.info" value="mixed mode"/>
    <property name="java.version" value="1.8.0_151"/>
    <property name="java.ext.dirs" value="C:\Program Files\Java\jdk1.8.0_151\jre\lib\ext;C:\WINDOWS\Sun\Java\lib\ext"/>
    <property name="sun.boot.class.path" value="C:\Program Files\Java\jdk1.8.0_151\jre\lib\resources.jar;C:\Program Files\Java\jdk1.8.0_151\jre\lib\rt.jar;C:\Program Files\Java\jdk1.8.0_151\jre\lib\sunrsasign.jar;C:\Program Files\Java\jdk1.8.0_151\jre\lib\jsse.jar;C:\Program Files\Java\jdk1.8.0_151\jre\lib\jce.jar;C:\Program Files\Java\jdk1.8.0_151\jre\lib\charsets.jar;C:\Program Files\Java\jdk1.8.0_151\jre\lib\jfr.jar;C:\Program Files\Java\jdk1.8.0_151\jre\classes"/>
    <property name="java.vendor" value="Oracle Corporation"/>
    <property name="maven.home" value="C:\Users\kalik\OneDrive\Desktop\workSpace\MobileStoreBackEnd\EMBEDDED"/>
    <property name="file.separator" value="\"/>
    <property name="java.vendor.url.bug" value="http://bugreport.sun.com/bugreport/"/>
    <property name="sun.cpu.endian" value="little"/>
    <property name="sun.io.unicode.encoding" value="UnicodeLittle"/>
    <property name="sun.desktop" value="windows"/>
    <property name="sun.cpu.isalist" value="amd64"/>
  </properties>
  <testcase classname="com.project.MobileStoreBackEnd.test.CartItemUnitTest" name="listCartItemsTest" time="2.528">
    <skipped/>
    <system-out>Adding hibernate properties to the sessionBuilder object
Adding User class
Adding Category class
Adding Product class
Adding Supplier class
Adding CartItem class
Adding OrderDetails class
Creating Session factory bean
----UserDAO implementation---
---CategoryDAO implementation---
---ProductDAO implementation---
---SupplierDAO implementation---
---CartItemDAO implementation---
---OrderDetailsDAO implementation---
Transaction manager
</system-out>
    <system-err>May 09, 2018 9:17:28 AM org.springframework.context.annotation.AnnotationConfigApplicationContext prepareRefresh
INFO: Refreshing org.springframework.context.annotation.AnnotationConfigApplicationContext@7907ec20: startup date [Wed May 09 09:17:28 IST 2018]; root of context hierarchy
May 09, 2018 9:17:28 AM org.springframework.jdbc.datasource.DriverManagerDataSource setDriverClassName
INFO: Loaded JDBC driver: org.h2.Driver
May 09, 2018 9:17:28 AM org.hibernate.annotations.common.reflection.java.JavaReflectionManager &lt;clinit&gt;
INFO: HCANN000001: Hibernate Commons Annotations {4.0.5.Final}
May 09, 2018 9:17:28 AM org.hibernate.Version logVersion
INFO: HHH000412: Hibernate Core {4.3.6.Final}
May 09, 2018 9:17:29 AM org.hibernate.cfg.Environment &lt;clinit&gt;
INFO: HHH000206: hibernate.properties not found
May 09, 2018 9:17:29 AM org.hibernate.cfg.Environment buildBytecodeProvider
INFO: HHH000021: Bytecode provider name : javassist
May 09, 2018 9:17:29 AM org.hibernate.dialect.Dialect &lt;init&gt;
INFO: HHH000400: Using dialect: org.hibernate.dialect.H2Dialect
May 09, 2018 9:17:29 AM org.hibernate.cfg.AnnotationBinder buildIdGenerator
WARN: HHH000392: Hibernate does not support SequenceGenerator.initialValue() unless &apos;hibernate.id.new_generator_mappings&apos; set
May 09, 2018 9:17:29 AM org.hibernate.engine.transaction.internal.TransactionFactoryInitiator initiateService
INFO: HHH000399: Using default transaction strategy (direct JDBC transactions)
May 09, 2018 9:17:29 AM org.hibernate.hql.internal.ast.ASTQueryTranslatorFactory &lt;init&gt;
INFO: HHH000397: Using ASTQueryTranslatorFactory
May 09, 2018 9:17:29 AM org.hibernate.validator.internal.util.Version &lt;clinit&gt;
INFO: HV000001: Hibernate Validator 4.3.1.Final
May 09, 2018 9:17:29 AM org.hibernate.tool.hbm2ddl.SchemaUpdate execute
INFO: HHH000228: Running hbm2ddl schema update
May 09, 2018 9:17:29 AM org.hibernate.tool.hbm2ddl.SchemaUpdate execute
INFO: HHH000102: Fetching database metadata
May 09, 2018 9:17:30 AM org.hibernate.tool.hbm2ddl.SchemaUpdate execute
INFO: HHH000396: Updating schema
May 09, 2018 9:17:30 AM org.hibernate.tool.hbm2ddl.TableMetadata &lt;init&gt;
INFO: HHH000261: Table found: TEST.PUBLIC.CARTITEM
May 09, 2018 9:17:30 AM org.hibernate.tool.hbm2ddl.TableMetadata &lt;init&gt;
INFO: HHH000037: Columns: [cartitemid, quantity, productid, subtotal, cartid, paymentstatus, username]
May 09, 2018 9:17:30 AM org.hibernate.tool.hbm2ddl.TableMetadata &lt;init&gt;
INFO: HHH000108: Foreign keys: []
May 09, 2018 9:17:30 AM org.hibernate.tool.hbm2ddl.TableMetadata &lt;init&gt;
INFO: HHH000126: Indexes: [primary_key_2]
May 09, 2018 9:17:30 AM org.hibernate.tool.hbm2ddl.TableMetadata &lt;init&gt;
INFO: HHH000261: Table found: TEST.PUBLIC.CATEGORY
May 09, 2018 9:17:30 AM org.hibernate.tool.hbm2ddl.TableMetadata &lt;init&gt;
INFO: HHH000037: Columns: [categorydesc, categoryname, categoryid]
May 09, 2018 9:17:30 AM org.hibernate.tool.hbm2ddl.TableMetadata &lt;init&gt;
INFO: HHH000108: Foreign keys: []
May 09, 2018 9:17:30 AM org.hibernate.tool.hbm2ddl.TableMetadata &lt;init&gt;
INFO: HHH000126: Indexes: [primary_key_3]
May 09, 2018 9:17:30 AM org.hibernate.tool.hbm2ddl.TableMetadata &lt;init&gt;
INFO: HHH000261: Table found: TEST.PUBLIC.ORDERDETAILS
May 09, 2018 9:17:30 AM org.hibernate.tool.hbm2ddl.TableMetadata &lt;init&gt;
INFO: HHH000037: Columns: [billingaddress, shippingaddress, orderstatus, totalamount, orderid, cartid, orderdate, transactiontype, username]
May 09, 2018 9:17:30 AM org.hibernate.tool.hbm2ddl.TableMetadata &lt;init&gt;
INFO: HHH000108: Foreign keys: []
May 09, 2018 9:17:30 AM org.hibernate.tool.hbm2ddl.TableMetadata &lt;init&gt;
INFO: HHH000126: Indexes: [primary_key_b]
May 09, 2018 9:17:30 AM org.hibernate.tool.hbm2ddl.TableMetadata &lt;init&gt;
INFO: HHH000261: Table found: TEST.PUBLIC.PRODUCT
May 09, 2018 9:17:30 AM org.hibernate.tool.hbm2ddl.TableMetadata &lt;init&gt;
INFO: HHH000037: Columns: [supplierid, productid, price, productname, stock, categoryid, productdesc]
May 09, 2018 9:17:30 AM org.hibernate.tool.hbm2ddl.TableMetadata &lt;init&gt;
INFO: HHH000108: Foreign keys: []
May 09, 2018 9:17:30 AM org.hibernate.tool.hbm2ddl.TableMetadata &lt;init&gt;
INFO: HHH000126: Indexes: [primary_key_1]
May 09, 2018 9:17:30 AM org.hibernate.tool.hbm2ddl.TableMetadata &lt;init&gt;
INFO: HHH000261: Table found: TEST.PUBLIC.SUPPLIER
May 09, 2018 9:17:30 AM org.hibernate.tool.hbm2ddl.TableMetadata &lt;init&gt;
INFO: HHH000037: Columns: [suppliername, supplierid, suppliercontactno, supplierinfo]
May 09, 2018 9:17:30 AM org.hibernate.tool.hbm2ddl.TableMetadata &lt;init&gt;
INFO: HHH000108: Foreign keys: []
May 09, 2018 9:17:30 AM org.hibernate.tool.hbm2ddl.TableMetadata &lt;init&gt;
INFO: HHH000126: Indexes: [primary_key_c]
May 09, 2018 9:17:30 AM org.hibernate.tool.hbm2ddl.TableMetadata &lt;init&gt;
INFO: HHH000261: Table found: TEST.PUBLIC.USER
May 09, 2018 9:17:30 AM org.hibernate.tool.hbm2ddl.TableMetadata &lt;init&gt;
INFO: HHH000037: Columns: [country, pincode, password, role, city, phone, mailid, state, userid, username, isenabled]
May 09, 2018 9:17:30 AM org.hibernate.tool.hbm2ddl.TableMetadata &lt;init&gt;
INFO: HHH000108: Foreign keys: []
May 09, 2018 9:17:30 AM org.hibernate.tool.hbm2ddl.TableMetadata &lt;init&gt;
INFO: HHH000126: Indexes: [primary_key_c0]
May 09, 2018 9:17:30 AM org.hibernate.tool.hbm2ddl.SchemaUpdate execute
INFO: HHH000232: Schema update complete
May 09, 2018 9:17:30 AM org.springframework.orm.hibernate4.HibernateTransactionManager afterPropertiesSet
INFO: Using DataSource [org.springframework.jdbc.datasource.DriverManagerDataSource@6ad82709] of Hibernate SessionFactory for HibernateTransactionManager
</system-err>
  </testcase>
  <testcase classname="com.project.MobileStoreBackEnd.test.CartItemUnitTest" name="getCartItemTest" time="2.544">
    <skipped/>
  </testcase>
  <testcase classname="com.project.MobileStoreBackEnd.test.CartItemUnitTest" name="getCartItemByCartIdUnitTest" time="0.283"/>
  <testcase classname="com.project.MobileStoreBackEnd.test.CartItemUnitTest" name="addCartItemTest" time="0.29">
    <skipped/>
  </testcase>
  <testcase classname="com.project.MobileStoreBackEnd.test.CartItemUnitTest" name="deleteCartItemTest" time="0.29">
    <skipped/>
  </testcase>
  <testcase classname="com.project.MobileStoreBackEnd.test.CartItemUnitTest" name="updateCartItemTest" time="0.29">
    <skipped/>
  </testcase>
</testsuite>